
   INFO  Server running on [http://0.0.0.0:8000].  

  Press Ctrl+C to stop the server

  2023-12-17 11:12:06 ................................................... ~ 2s
  2023-12-17 11:56:16 ................................................... ~ 0s
  2023-12-17 11:56:32 /favicon.ico ...................................... ~ 0s
  2023-12-17 11:56:36 ................................................... ~ 0s

   WARN  64.62.197.223:48003 [404]: CONNECT www.shadowserver.org:443.  

  2023-12-17 11:56:38 ................................................... ~ 0s

   WARN  65.49.1.61:50639 Invalid request (Unsupported SSL request).  

  2023-12-17 13:35:37 ................................................... ~ 0s

   WARN  65.49.1.57:58263 Invalid request (Unsupported SSL request).  

  2023-12-17 13:35:42 ................................................... ~ 0s
  2023-12-17 17:58:22 ................................................... ~ 2s

   WARN  192.241.207.60:35148 Invalid request (Unsupported SSL request).  

  2023-12-17 18:17:18 ................................................... ~ 0s

   WARN  43.130.11.228:38500 Invalid request (Unsupported SSL request).  

  2023-12-17 20:16:56 ................................................... ~ 0s
  2023-12-17 20:17:06 ................................................... ~ 1s
  2023-12-17 20:17:25 ................................................... ~ 1s
  2023-12-17 20:17:28 ................................................... ~ 0s
  2023-12-17 20:17:34 /favicon.ico ...................................... ~ 0s
  2023-12-17 21:17:07 ................................................... ~ 0s
  2023-12-17 21:17:10 /favicon.ico ...................................... ~ 0s
  2023-12-18 00:16:40 ................................................... ~ 4s
  2023-12-18 01:02:08 ................................................... ~ 0s

   WARN  64.62.197.184:12641 Invalid request (Unsupported SSL request).  

  2023-12-18 02:15:37 ................................................... ~ 0s

   WARN  64.62.197.189:6103 Invalid request (Unsupported SSL request).  

  2023-12-18 02:15:40 ................................................... ~ 0s
  2023-12-18 02:22:29 ................................................... ~ 0s
  2023-12-18 07:00:55 ................................................... ~ 3s
  2023-12-18 07:42:21 ................................................... ~ 3s
  2023-12-18 07:47:11 ................................................... ~ 2s
  2023-12-18 08:10:16 ................................................... ~ 0s
  2023-12-18 09:07:04 ................................................... ~ 0s
  2023-12-18 09:07:12 /favicon.ico ...................................... ~ 0s
  2023-12-18 09:07:15 ................................................... ~ 0s

   WARN  64.62.197.180:41013 [404]: CONNECT www.shadowserver.org:443.  

  2023-12-18 09:07:18 ................................................... ~ 0s
  2023-12-18 14:22:41 ................................................... ~ 1s

   WARN  62.233.50.179:61620 Invalid request (Malformed HTTP request).  

  2023-12-18 16:14:03 ................................................... ~ 0s
  2023-12-18 20:56:27 ................................................... ~ 2s
  2023-12-18 21:04:03 ................................................... ~ 1s

   WARN  107.170.192.25:55260 Invalid request (Unsupported SSL request).  

  2023-12-19 01:08:46 ................................................... ~ 0s

   WARN  172.104.11.34:53722 Invalid request (Unsupported SSL request).  

  2023-12-19 01:36:27 ................................................... ~ 0s

   WARN  45.79.168.172:54419 Invalid request (Connection reset by peer).  

  2023-12-19 02:03:56 ................................................... ~ 7s
  2023-12-19 02:04:03 ................................................... ~ 0s
  2023-12-19 02:42:48 ................................................... ~ 0s

   WARN  62.233.50.179:63210 Invalid request (Malformed HTTP request).  

  2023-12-19 02:49:58 ................................................... ~ 0s

   WARN  172.104.210.105:36813 Invalid request (Connection reset by peer).  

  2023-12-19 03:17:17 .................................................. ~ 21s
  2023-12-19 03:17:38 ................................................... ~ 0s
  2023-12-19 03:27:02 ................................................... ~ 0s
  2023-12-19 03:30:34 ................................................... ~ 2s
  2023-12-19 04:02:33 ................................................... ~ 0s

   WARN  45.33.87.154:35961 Invalid request (Connection reset by peer).  

  2023-12-19 06:29:58 ................................................... ~ 8s
  2023-12-19 06:30:06 ................................................... ~ 0s

   WARN  216.218.206.68:64248 Invalid request (Unsupported SSL request).  

  2023-12-19 07:53:24 ................................................... ~ 0s

   WARN  216.218.206.68:64260 Invalid request (Unsupported SSL request).  

  2023-12-19 07:53:30 ................................................... ~ 0s
  2023-12-19 09:04:19 ................................................... ~ 0s
  2023-12-19 09:04:36 /favicon.ico ...................................... ~ 0s
  2023-12-19 09:04:39 ................................................... ~ 0s

   WARN  64.62.197.214:9663 [404]: CONNECT www.shadowserver.org:443.  

  2023-12-19 09:04:42 ................................................... ~ 0s
  2023-12-19 09:54:07 ................................................... ~ 2s
